[2022-06-09 19:50:02] Executing startup tasks
[2022-06-09 19:50:02] Java(TM) SE Runtime Environment 14.0.1+7
[2022-06-09 19:50:02] Product self.product.version
[2022-06-09 19:50:02] Workspace /Users/yehaotian/runtime-EclipseApplication
[2022-06-09 19:50:02] Bundle org.eclipse.oomph.setup 1.24.0.v20220525-1027, build=5495, branch=82bc0a2ab62f1b67aaea4b0607d152f896df75a0
[2022-06-09 19:50:02] Bundle org.eclipse.oomph.setup.core 1.24.0.v20220525-1223, build=5495, branch=82bc0a2ab62f1b67aaea4b0607d152f896df75a0
[2022-06-09 19:50:02] Bundle org.eclipse.oomph.setup.p2 1.19.0.v20220525-1027, build=5495, branch=82bc0a2ab62f1b67aaea4b0607d152f896df75a0
[2022-06-09 19:50:02] Performing Preference /instance/org.eclipse.jdt.ui/content_assist_autoactivation_triggers_java = .abcdefghijklmnopqrstuvwxyz
[2022-06-09 19:50:03] Performing Preference /instance/org.eclipse.jdt.ui/content_assist_insert_completion = true
[2022-06-09 19:50:03] Performing Preference /instance/org.eclipse.jdt.ui/content_assist_prefix_completion = true
[2022-06-09 19:50:03] 
[2022-08-31 11:21:06] Executing startup tasks
[2022-08-31 11:21:06] Java(TM) SE Runtime Environment 14.0.1+7
[2022-08-31 11:21:06] Product self.product.version
[2022-08-31 11:21:06] Workspace /Users/yehaotian/runtime-EclipseApplication
[2022-08-31 11:21:06] Bundle org.eclipse.oomph.setup 1.24.0.v20220525-1027, build=5495, branch=82bc0a2ab62f1b67aaea4b0607d152f896df75a0
[2022-08-31 11:21:06] Bundle org.eclipse.oomph.setup.core 1.24.0.v20220525-1223, build=5495, branch=82bc0a2ab62f1b67aaea4b0607d152f896df75a0
[2022-08-31 11:21:06] Bundle org.eclipse.oomph.setup.p2 1.19.0.v20220525-1027, build=5495, branch=82bc0a2ab62f1b67aaea4b0607d152f896df75a0
[2022-08-31 11:21:06] Performing Preference /instance/org.eclipse.jdt.ui/content_assist_proposals_background = 52,57,61
[2022-08-31 11:21:06] Performing Preference /instance/org.eclipse.jdt.ui/content_assist_proposals_foreground = 238,238,238
[2022-08-31 11:21:06] Performing Preference /instance/org.eclipse.ui.editors/AbstractTextEditor.Color.Background = 255,255,255
[2022-08-31 11:21:06] Performing Preference /instance/org.eclipse.ui.editors/AbstractTextEditor.Color.Background.SystemDefault = true
[2022-08-31 11:21:06] Performing Preference /instance/org.eclipse.ui.editors/AbstractTextEditor.Color.FindScope = 185,176,180
[2022-08-31 11:21:06] Performing Preference /instance/org.eclipse.ui.editors/AbstractTextEditor.Color.Foreground = 0,0,0
[2022-08-31 11:21:06] Performing Preference /instance/org.eclipse.ui.editors/AbstractTextEditor.Color.Foreground.SystemDefault = true
[2022-08-31 11:21:06] Performing Preference /instance/org.eclipse.ui.editors/AbstractTextEditor.Color.SelectionBackground.SystemDefault = true
[2022-08-31 11:21:06] Performing Preference /instance/org.eclipse.ui.editors/AbstractTextEditor.Color.SelectionForeground.SystemDefault = true
[2022-08-31 11:21:06] Performing Preference /instance/org.eclipse.ui.editors/breakpointIndicationColor = 0,0,255
[2022-08-31 11:21:06] Performing Preference /instance/org.eclipse.ui.editors/currentIPColor = 198,219,174
[2022-08-31 11:21:06] Performing Preference /instance/org.eclipse.ui.editors/currentLineColor = 232,242,254
[2022-08-31 11:21:06] Performing Preference /instance/org.eclipse.ui.editors/deletionIndicationColor = 0,0,0
[2022-08-31 11:21:06] Performing Preference /instance/org.eclipse.ui.editors/filteredSearchResultIndicationColor = 237,237,252
[2022-08-31 11:21:06] Performing Preference /instance/org.eclipse.ui.editors/fullcoverage_color = 192,255,192
[2022-08-31 11:21:07] Performing Preference /instance/org.eclipse.ui.editors/hyperlinkColor = 0,104,218
[2022-08-31 11:21:07] Performing Preference /instance/org.eclipse.ui.editors/hyperlinkColor.SystemDefault = true
[2022-08-31 11:21:07] Performing Preference /instance/org.eclipse.ui.editors/infoIndicationColor = 130,160,190
[2022-08-31 11:21:07] Performing Preference /instance/org.eclipse.ui.editors/lineNumberColor = 120,120,120
[2022-08-31 11:21:07] Performing Preference /instance/org.eclipse.ui.editors/linked.slave.color = 180,215,255
[2022-08-31 11:21:07] Performing Preference /instance/org.eclipse.ui.editors/LSP4EReadOccurrenceIndicationColor = 212,212,212
[2022-08-31 11:21:07] Performing Preference /instance/org.eclipse.ui.editors/LSP4ETextOccurrenceIndicationColor = 212,212,212
[2022-08-31 11:21:07] Performing Preference /instance/org.eclipse.ui.editors/LSP4EWriteOccurrenceIndicationColor = 240,216,168
[2022-08-31 11:21:07] Performing Preference /instance/org.eclipse.ui.editors/nocoverage_color = 255,160,160
[2022-08-31 11:21:07] Performing Preference /instance/org.eclipse.ui.editors/occurrenceIndicationColor = 212,212,212
[2022-08-31 11:21:07] Performing Preference /instance/org.eclipse.ui.editors/overrideIndicatorColor = 180,207,205
[2022-08-31 11:21:07] Performing Preference /instance/org.eclipse.ui.editors/partialcoverage_color = 255,255,128
[2022-08-31 11:21:07] Performing Preference /instance/org.eclipse.ui.editors/printMarginColor = 176,180,185
[2022-08-31 11:21:07] Performing Preference /instance/org.eclipse.ui.editors/searchResultHighlighting = true
[2022-08-31 11:21:07] Performing Preference /instance/org.eclipse.ui.editors/searchResultIndication = false
[2022-08-31 11:21:07] Performing Preference /instance/org.eclipse.ui.editors/searchResultIndicationColor = 206,204,247
[2022-08-31 11:21:07] Performing Preference /instance/org.eclipse.ui.editors/searchResultTextStyle = NONE
[2022-08-31 11:21:07] Performing Preference /instance/org.eclipse.ui.editors/secondaryIPColor = 219,235,204
[2022-08-31 11:21:07] Performing Preference /instance/org.eclipse.ui.editors/spellingIndicationColor = 255,128,64
[2022-08-31 11:21:07] Performing Preference /instance/org.eclipse.ui.editors/TextOccurrenceIndicationColor = 212,212,212
[2022-08-31 11:21:07] Performing Preference /instance/org.eclipse.ui.editors/writeOccurrenceIndicationColor = 240,216,168
[2022-08-31 11:21:07] Performing Preference /instance/org.eclipse.ui.workbench/ACTIVE_HYPERLINK_COLOR = 0,73,153
[2022-08-31 11:21:07] Performing Preference /instance/org.eclipse.ui.workbench/CONFLICTING_COLOR = 255,0,0
[2022-08-31 11:21:07] Performing Preference /instance/org.eclipse.ui.workbench/CONTENT_ASSIST_BACKGROUND_COLOR = 255,255,255
[2022-08-31 11:21:07] Performing Preference /instance/org.eclipse.ui.workbench/CONTENT_ASSIST_FOREGROUND_COLOR = 0,0,0
[2022-08-31 11:21:07] Performing Preference /instance/org.eclipse.ui.workbench/EDITION_COLOR = 0,0,0
[2022-08-31 11:21:07] Performing Preference /instance/org.eclipse.ui.workbench/ERROR_COLOR = 255,0,0
[2022-08-31 11:21:07] Performing Preference /instance/org.eclipse.ui.workbench/HYPERLINK_COLOR = 0,104,218
[2022-08-31 11:21:07] Performing Preference /instance/org.eclipse.ui.workbench/INCOMING_COLOR = 0,0,255
[2022-08-31 11:21:07] Performing Preference /instance/org.eclipse.ui.workbench/org.eclipse.egit.ui.CommitMessageCommentColor = 63,127,95
[2022-08-31 11:21:07] Performing Preference /instance/org.eclipse.ui.workbench/org.eclipse.egit.ui.DiffAddBackgroundColor = 221,255,221
[2022-08-31 11:21:07] Performing Preference /instance/org.eclipse.ui.workbench/org.eclipse.egit.ui.DiffAddForegroundColor = 0,0,0
[2022-08-31 11:21:07] Performing Preference /instance/org.eclipse.ui.workbench/org.eclipse.egit.ui.DiffHeadlineBackgroundColor = 170,170,170
[2022-08-31 11:21:07] Performing Preference /instance/org.eclipse.ui.workbench/org.eclipse.egit.ui.DiffHeadlineForegroundColor = 0,0,0
[2022-08-31 11:21:07] Performing Preference /instance/org.eclipse.ui.workbench/org.eclipse.egit.ui.DiffHunkBackgroundColor = 234,242,245
[2022-08-31 11:21:07] Performing Preference /instance/org.eclipse.ui.workbench/org.eclipse.egit.ui.DiffHunkForegroundColor = 153,153,153
[2022-08-31 11:21:07] Performing Preference /instance/org.eclipse.ui.workbench/org.eclipse.egit.ui.DiffRemoveBackgroundColor = 255,221,221
[2022-08-31 11:21:07] Performing Preference /instance/org.eclipse.ui.workbench/org.eclipse.egit.ui.DiffRemoveForegroundColor = 0,0,0
[2022-08-31 11:21:07] Performing Preference /instance/org.eclipse.ui.workbench/org.eclipse.egit.ui.IgnoredResourceBackgroundColor = 255,255,255
[2022-08-31 11:21:07] Performing Preference /instance/org.eclipse.ui.workbench/org.eclipse.egit.ui.IgnoredResourceForegroundColor = 0,0,0
[2022-08-31 11:21:07] Performing Preference /instance/org.eclipse.ui.workbench/org.eclipse.egit.ui.UncommittedChangeBackgroundColor = 255,255,255
[2022-08-31 11:21:07] Performing Preference /instance/org.eclipse.ui.workbench/org.eclipse.egit.ui.UncommittedChangeForegroundColor = 0,0,0
[2022-08-31 11:21:07] Performing Preference /instance/org.eclipse.ui.workbench/org.eclipse.jdt.ui.ColoredLabels.inherited = 0,0,128
[2022-08-31 11:21:07] Performing Preference /instance/org.eclipse.ui.workbench/org.eclipse.jdt.ui.ColoredLabels.writeaccess_highlight = 240,216,168
[2022-08-31 11:21:07] Performing Preference /instance/org.eclipse.ui.workbench/org.eclipse.jdt.ui.Javadoc.backgroundColor = 236,235,236
[2022-08-31 11:21:07] Performing Preference /instance/org.eclipse.ui.workbench/org.eclipse.jdt.ui.Javadoc.foregroundColor = 0,0,0
[2022-08-31 11:21:07] Performing Preference /instance/org.eclipse.ui.workbench/org.eclipse.jface.REVISION_NEWEST_COLOR = 199,134,57
[2022-08-31 11:21:08] Performing Preference /instance/org.eclipse.ui.workbench/org.eclipse.jface.REVISION_OLDEST_COLOR = 241,225,206
[2022-08-31 11:21:08] Performing Preference /instance/org.eclipse.ui.workbench/org.eclipse.search.ui.match.highlight = 206,204,247
[2022-08-31 11:21:08] Performing Preference /instance/org.eclipse.ui.workbench/org.eclipse.ui.editors.rangeIndicatorColor = 179,215,255
[2022-08-31 11:21:08] Performing Preference /instance/org.eclipse.ui.workbench/org.eclipse.ui.workbench.HOVER_BACKGROUND = 236,235,236
[2022-08-31 11:21:08] Performing Preference /instance/org.eclipse.ui.workbench/org.eclipse.ui.workbench.HOVER_FOREGROUND = 0,0,0
[2022-08-31 11:21:08] Performing Preference /instance/org.eclipse.ui.workbench/org.eclipse.ui.workbench.INFORMATION_BACKGROUND = 236,235,236
[2022-08-31 11:21:08] Performing Preference /instance/org.eclipse.ui.workbench/org.eclipse.ui.workbench.INFORMATION_FOREGROUND = 0,0,0
[2022-08-31 11:21:08] Performing Preference /instance/org.eclipse.ui.workbench/OUTGOING_COLOR = 0,0,0
[2022-08-31 11:21:08] Performing Preference /instance/org.eclipse.ui.workbench/RESOLVED_COLOR = 0,255,0
[2022-08-31 11:21:08] 
[2022-08-31 11:21:52] Executing startup tasks
[2022-08-31 11:21:52] Java(TM) SE Runtime Environment 14.0.1+7
[2022-08-31 11:21:52] Product self.product.version
[2022-08-31 11:21:52] Workspace /Users/yehaotian/runtime-EclipseApplication
[2022-08-31 11:21:52] Bundle org.eclipse.oomph.setup 1.24.0.v20220525-1027, build=5495, branch=82bc0a2ab62f1b67aaea4b0607d152f896df75a0
[2022-08-31 11:21:52] Bundle org.eclipse.oomph.setup.core 1.24.0.v20220525-1223, build=5495, branch=82bc0a2ab62f1b67aaea4b0607d152f896df75a0
[2022-08-31 11:21:52] Bundle org.eclipse.oomph.setup.p2 1.19.0.v20220525-1027, build=5495, branch=82bc0a2ab62f1b67aaea4b0607d152f896df75a0
[2022-08-31 11:21:52] Performing Preference /instance/org.eclipse.ui.workbench/org.eclipse.ui.r30.org.eclipse.ui.workbench.ACTIVE_TAB_TEXT_COLOR = 0,0,0
[2022-08-31 11:21:52] 
